<?xml version="1.0" encoding="UTF-8"?>
<!-- Generated by org.testng.reporters.JUnitReportReporter -->
<testsuite hostname="LAPTOP-9REF4ALR" failures="0" tests="1" name="testClasses.TestNgClass" time="2.547" errors="0" timestamp="2023-03-02T15:01:49 IST" skipped="0">
  <testcase classname="testClasses.TestNgClass" name="VerifyBrowserisLaunchSuccessfully" time="2.547"/>
  <system-out/>
</testsuite> <!-- testClasses.TestNgClass -->
